<?xml version="1.0" encoding="UTF-8"?>
<!-- Generated by org.testng.reporters.JUnitReportReporter -->
<testsuite hostname="DESKTOP-F0T30LO" failures="0" tests="1" name="ResultsPage.ResultsPageTest" time="8.712" errors="0" timestamp="07 Jan 2022 22:26:02 GMT" skipped="0">
  <testcase classname="ResultsPage.ResultsPageTest" name="searchtest" time="8.712"/>
</testsuite> <!-- ResultsPage.ResultsPageTest -->
